0 info it worked if it ends with ok
1 verbose cli [ 'node',
1 verbose cli   '/Users/marcopatierno/.npm-packages/bin/npm',
1 verbose cli   'publish' ]
2 info using npm@2.12.0
3 info using node@v0.12.5
4 verbose node symlink /usr/local/bin/node
5 verbose publish [ '.' ]
6 silly cache add args [ '.', null ]
7 verbose cache add spec .
8 silly cache add parsed spec { raw: '.',
8 silly cache add   scope: null,
8 silly cache add   name: null,
8 silly cache add   rawSpec: '.',
8 silly cache add   spec: '/Users/marcopatierno/wa/gulp-less-json-variables',
8 silly cache add   type: 'directory' }
9 verbose addLocalDirectory /Users/marcopatierno/.npm/gulp-less-json-variables/1.0.0/package.tgz not in flight; packing
10 verbose tar pack [ '/Users/marcopatierno/.npm/gulp-less-json-variables/1.0.0/package.tgz',
10 verbose tar pack   '/Users/marcopatierno/wa/gulp-less-json-variables' ]
11 verbose tarball /Users/marcopatierno/.npm/gulp-less-json-variables/1.0.0/package.tgz
12 verbose folder /Users/marcopatierno/wa/gulp-less-json-variables
13 info prepublish gulp-less-json-variables@1.0.0
14 verbose addLocalTarball adding from inside cache /Users/marcopatierno/.npm/gulp-less-json-variables/1.0.0/package.tgz
15 silly cache afterAdd gulp-less-json-variables@1.0.0
16 verbose afterAdd /Users/marcopatierno/.npm/gulp-less-json-variables/1.0.0/package/package.json not in flight; writing
17 verbose afterAdd /Users/marcopatierno/.npm/gulp-less-json-variables/1.0.0/package/package.json written
18 silly publish { name: 'gulp-less-json-variables',
18 silly publish   version: '1.0.0',
18 silly publish   description: 'A Gulp plugin for generate less variables file from JSON file',
18 silly publish   keywords: [ 'gulp', 'plugin', 'less', 'variables', 'json' ],
18 silly publish   author: { name: 'Marco Patierno' },
18 silly publish   license: 'MIT',
18 silly publish   repository:
18 silly publish    { type: 'git',
18 silly publish      url: 'git+https://github.com/patiernom/gulp-less-json-variables.git' },
18 silly publish   bugs: { url: 'https://github.com/patiernom/gulp-less-json-variables/issues' },
18 silly publish   homepage: 'https://github.com/patiernom/gulp-less-json-variables#readme',
18 silly publish   main: 'index.js',
18 silly publish   engines: { node: '>=0.10.22' },
18 silly publish   dependencies: { 'gulp-util': '^3.0.6', through2: '^2.0.0' },
18 silly publish   devDependencies:
18 silly publish    { chai: '^3.2.0',
18 silly publish      coveralls: '^2.11.2',
18 silly publish      'event-stream': '^3.3.1',
18 silly publish      'from2-string': '^1.1.0',
18 silly publish      gulp: '^3.9.0',
18 silly publish      'gulp-istanbul': '^0.10.0',
18 silly publish      'gulp-jscs': '^1.6.0',
18 silly publish      'gulp-jshint': '^1.11.2',
18 silly publish      'gulp-load-plugins': '^0.10.0',
18 silly publish      'gulp-mocha': '^2.1.3',
18 silly publish      istanbul: '^0.3.17',
18 silly publish      'jshint-stylish': '^2.0.1',
18 silly publish      mocha: '^2.2.5',
18 silly publish      'mocha-lcov-reporter': '0.0.2',
18 silly publish      vinyl: '^0.5.1' },
18 silly publish   directories: { test: 'tests' },
18 silly publish   scripts:
18 silly publish    { test: 'gulp test',
18 silly publish      coveralls: 'istanbul cover ./node_modules/mocha/bin/_mocha $(find tests -name \'*.js\') --report lcovonly -- -R spec && cat ./coverage/lcov.info | ./node_modules/coveralls/bin/coveralls.js && rm -rf ./coverage' },
18 silly publish   readme: '# gulp-less-json-variables\n\n[![GitHub version][gulp-less-json-variables-fury-image]][gulp-less-json-variables-fury-url]\n[![Dependency Status][gulp-less-json-variables-dependencies-image]][gulp-less-json-variables-dependencies-url]\n[![devDependency Status][gulp-less-json-variables-devdependencies-image]][gulp-less-json-variables-devdependencies-url]\n[![Build Status][gulp-less-json-variables-travis-image]][gulp-less-json-variables-travis-url]\n[![Coverage Status][gulp-less-json-variables-coverage-image]][gulp-less-json-variables-coverage-url]\n\n# Gulp write less variables from JSON\n\nA simple plugin for [Gulp](http://gulpjs.com/). This module write on source file, specified less variables from JSON config file.\n\n## Installation\n\nThe easiest way is to keep `gulp-less-json-variables` as a devDependency in your `package.json`.\n```json\n{\n  "devDependencies": {\n    "gulp": "^3.9.0",\n    "gulp-less-json-variables": "1.0.0"\n  }\n}\n```\n\nYou can simple do it by:\n```bash\nnpm install gulp-less-json-variables --save-dev\n```\n\n\n## API\n\n### plugin(json)\n\nWrite on input file with the given variables from `json` and\nreturns a transform stream for use in your gulp pipeline.\n\n\n\n## Usage\nCreate a JSON config file like this:\n```json\n{\n  "@gray-base": "#000",\n  "@gray-darker": "lighten(@gray-base, 13.5%)",\n  "@gray-dark": "lighten(@gray-base, 20%)",\n  "@gray": "lighten(@gray-base, 33.5%)",\n}\n```\nthis file contains the coupled key value representing less variables.\n\n\n```javascript\nvar gulp = require(\'gulp\'), \n    lessVars = require(\'gulp-less-json-variables\'),\n    jsonVars = require(\'variables.json\');\n\ngulp.task(\'generate less variables\', function() {\n  return gulp.src(\'less/variables.js\')\n    .pipe(lessVars(jsonVars))\n    .pipe(gulp.dest(\'dist\'));\n});\n```\n\n\n## Contributing\n\nIn line of a formal styleguide, take care to maintain the existing coding style. Add unit tests for any new or changed functionality. Lint and test your code using [gulp](http://gulpjs.com/).\n\n\n## Release History\n\n_(Nothing yet)_\n\n\n## License\n\nLicensed under the MIT license.\n\n\n[gulp-less-json-variables-fury-image]: https://badge.fury.io/gh/patiernom%2Fgulp-less-json-variables.svg\n[gulp-less-json-variables-fury-url]: http://badge.fury.io/gh/patiernom%2Fgulp-less-json-variables\n[gulp-less-json-variables-dependencies-image]: https://david-dm.org/patiernom/gulp-less-json-variables.svg\n[gulp-less-json-variables-dependencies-url]: https://david-dm.org/patiernom/gulp-less-json-variables\n[gulp-less-json-variables-devdependencies-image]: https://david-dm.org/patiernom/gulp-less-json-variables/dev-status.svg\n[gulp-less-json-variables-devdependencies-url]: https://david-dm.org/patiernom/gulp-less-json-variables#info=devDependencies\n[gulp-less-json-variables-peerdependencies-image]: https://david-dm.org/patiernom/gulp-less-json-variables/peer-status.svg\n[gulp-less-json-variables-peerdependencies-url]: https://david-dm.org/patiernom/gulp-less-json-variables#info=peerDependencies\n[gulp-less-json-variables-travis-image]: https://travis-ci.org/patiernom/gulp-less-json-variables.svg?branch=master\n[gulp-less-json-variables-travis-url]: https://travis-ci.org/patiernom/gulp-less-json-variables\n[gulp-less-json-variables-coverage-image]: https://coveralls.io/repos/patiernom/gulp-less-json-variables/badge.svg?branch=master&service=github\n[gulp-less-json-variables-coverage-url]: https://coveralls.io/github/patiernom/gulp-less-json-variables?branch=master\n',
18 silly publish   readmeFilename: 'README.md',
18 silly publish   gitHead: 'e265f8eb163f7d0981b671f46323d50b15469632',
18 silly publish   _id: 'gulp-less-json-variables@1.0.0',
18 silly publish   _shasum: '19abfb93534de3cecb01e9437602285157ec03b5',
18 silly publish   _from: '.' }
19 verbose getPublishConfig undefined
20 silly mapToRegistry name gulp-less-json-variables
21 silly mapToRegistry using default registry
22 silly mapToRegistry registry https://registry.npmjs.org/
23 silly mapToRegistry uri https://registry.npmjs.org/gulp-less-json-variables
24 verbose publish registryBase https://registry.npmjs.org/
25 silly publish uploading /Users/marcopatierno/.npm/gulp-less-json-variables/1.0.0/package.tgz
26 verbose request uri https://registry.npmjs.org/gulp-less-json-variables
27 verbose request sending authorization for write operation
28 info attempt registry request try #1 at 13:11:18
29 verbose request using bearer token for auth
30 verbose request id ae01874977f1e784
31 http request PUT https://registry.npmjs.org/gulp-less-json-variables
32 http 403 https://registry.npmjs.org/gulp-less-json-variables
33 verbose headers { 'content-type': 'application/json',
33 verbose headers   'cache-control': 'max-age=60',
33 verbose headers   'content-length': '128',
33 verbose headers   'accept-ranges': 'bytes',
33 verbose headers   date: 'Thu, 27 Aug 2015 11:11:20 GMT',
33 verbose headers   via: '1.1 varnish',
33 verbose headers   connection: 'keep-alive',
33 verbose headers   'x-served-by': 'cache-ams4120-AMS',
33 verbose headers   'x-cache': 'MISS',
33 verbose headers   'x-cache-hits': '0',
33 verbose headers   'x-timer': 'S1440673879.135959,VS0,VE1710' }
34 verbose request invalidating /Users/marcopatierno/.npm/registry.npmjs.org/gulp-less-json-variables on PUT
35 error publish Failed PUT 403
36 verbose stack Error: "You cannot publish over the previously published version 1.0.0. Try bumping the version to 2.0.0" : gulp-less-json-variables
36 verbose stack     at CachingRegistryClient.<anonymous> (/Users/marcopatierno/.npm-packages/lib/node_modules/npm/node_modules/npm-registry-client/lib/request.js:247:14)
36 verbose stack     at Request._callback (/Users/marcopatierno/.npm-packages/lib/node_modules/npm/node_modules/npm-registry-client/lib/request.js:170:14)
36 verbose stack     at Request.self.callback (/Users/marcopatierno/.npm-packages/lib/node_modules/npm/node_modules/request/request.js:197:22)
36 verbose stack     at Request.emit (events.js:110:17)
36 verbose stack     at Request.<anonymous> (/Users/marcopatierno/.npm-packages/lib/node_modules/npm/node_modules/request/request.js:1050:14)
36 verbose stack     at Request.emit (events.js:129:20)
36 verbose stack     at IncomingMessage.<anonymous> (/Users/marcopatierno/.npm-packages/lib/node_modules/npm/node_modules/request/request.js:996:12)
36 verbose stack     at IncomingMessage.emit (events.js:129:20)
36 verbose stack     at _stream_readable.js:908:16
36 verbose stack     at process._tickCallback (node.js:355:11)
37 verbose statusCode 403
38 verbose pkgid gulp-less-json-variables
39 verbose cwd /Users/marcopatierno/wa/gulp-less-json-variables
40 error Darwin 14.4.0
41 error argv "node" "/Users/marcopatierno/.npm-packages/bin/npm" "publish"
42 error node v0.12.5
43 error npm  v2.12.0
44 error code E403
45 error "You cannot publish over the previously published version 1.0.0. Try bumping the version to 2.0.0" : gulp-less-json-variables
46 error If you need help, you may report this error at:
46 error     <https://github.com/npm/npm/issues>
47 verbose exit [ 1, true ]
